<?xml version="1.0" encoding="UTF-8"?>
<testng-results skipped="0" failed="0" total="1" passed="1">
  <reporter-output>
  </reporter-output>
  <suite name="DealerPath Application Automation Test Suite" duration-ms="995960" started-at="2018-10-26T10:48:35Z" finished-at="2018-10-26T11:05:11Z">
    <groups>
    </groups>
    <test name="Dealer Path Login" duration-ms="995960" started-at="2018-10-26T10:48:35Z" finished-at="2018-10-26T11:05:11Z">
      <class name="com.deere.Helpers.Invoke_WCM">
        <test-method status="PASS" signature="systemConfigSetup()[pri:0, instance:com.deere.Helpers.Invoke_WCM@6fd02e5]" name="systemConfigSetup" is-config="true" duration-ms="6734" started-at="2018-10-26T16:18:35Z" finished-at="2018-10-26T16:18:41Z">
          <reporter-output>
          </reporter-output>
        </test-method> <!-- systemConfigSetup -->
        <test-method status="PASS" signature="invokeUserCredentials()[pri:0, instance:com.deere.Helpers.Invoke_WCM@6fd02e5]" name="invokeUserCredentials" duration-ms="989190" started-at="2018-10-26T16:18:41Z" finished-at="2018-10-26T16:35:11Z">
          <reporter-output>
          </reporter-output>
        </test-method> <!-- invokeUserCredentials -->
      </class> <!-- com.deere.Helpers.Invoke_WCM -->
    </test> <!-- Dealer Path Login -->
  </suite> <!-- DealerPath Application Automation Test Suite -->
</testng-results>
